<?xml version="1.0" encoding="UTF-8"?>
<trace:TraceModel
    xmi:version="2.0"
    xmlns:xmi="http://www.omg.org/XMI"
    xmlns:trace="http://www.eclipse.org/gmf/2006/Trace">
  <nodeTraces
      visualID="2001"
      queryText="(let _eClass_:ecore::EClass = modelFacet.metaClass.ecoreClass in _eClass_.ePackage.nsURI = 'ui_diagram' and _eClass_.name = 'UserInterface') and (let _containmentMF_:ecore::EStructuralFeature = modelFacet.containmentMetaFeature.ecoreFeature in (let _eClass_:ecore::EClass = _containmentMF_.eContainingClass in _eClass_.ePackage.nsURI = 'ui_diagram' and _eClass_.name = 'UI_Diagram') and _containmentMF_.name = 'userInterface')">
    <nodeLabelTraces
        visualID="5023"
        queryText="true"/>
    <compartmentTraces
        visualID="7001"
        queryText="true"/>
  </nodeTraces>
  <childNodeTraces
      visualID="3001"
      queryText="(let _eClass_:ecore::EClass = modelFacet.metaClass.ecoreClass in _eClass_.ePackage.nsURI = 'ui_diagram' and _eClass_.name = 'Group') and (let _containmentMF_:ecore::EStructuralFeature = modelFacet.containmentMetaFeature.ecoreFeature in (let _eClass_:ecore::EClass = _containmentMF_.eContainingClass in _eClass_.ePackage.nsURI = 'ui_diagram' and _eClass_.name = 'UserInterface') and _containmentMF_.name = 'lstModelElements')">
    <nodeLabelTraces
        visualID="5012"
        queryText="true"/>
    <compartmentTraces
        visualID="7002"
        queryText="true"/>
  </childNodeTraces>
  <childNodeTraces
      visualID="3002"
      queryText="(let _eClass_:ecore::EClass = modelFacet.metaClass.ecoreClass in _eClass_.ePackage.nsURI = 'ui_diagram' and _eClass_.name = 'Group') and (let _containmentMF_:ecore::EStructuralFeature = modelFacet.containmentMetaFeature.ecoreFeature in (let _eClass_:ecore::EClass = _containmentMF_.eContainingClass in _eClass_.ePackage.nsURI = 'ui_diagram' and _eClass_.name = 'GraphicalContainer') and _containmentMF_.name = 'lstChildModelElements')">
    <nodeLabelTraces
        visualID="5011"
        queryText="true"/>
    <compartmentTraces
        visualID="7003"
        queryText="true"/>
  </childNodeTraces>
  <childNodeTraces
      visualID="3003"
      queryText="(let _eClass_:ecore::EClass = modelFacet.metaClass.ecoreClass in _eClass_.ePackage.nsURI = 'ui_diagram' and _eClass_.name = 'Button') and (let _containmentMF_:ecore::EStructuralFeature = modelFacet.containmentMetaFeature.ecoreFeature in (let _eClass_:ecore::EClass = _containmentMF_.eContainingClass in _eClass_.ePackage.nsURI = 'ui_diagram' and _eClass_.name = 'GraphicalContainer') and _containmentMF_.name = 'lstChildModelElements')">
    <nodeLabelTraces
        visualID="5024"
        queryText="true"/>
  </childNodeTraces>
  <childNodeTraces
      visualID="3004"
      queryText="(let _eClass_:ecore::EClass = modelFacet.metaClass.ecoreClass in _eClass_.ePackage.nsURI = 'ui_diagram' and _eClass_.name = 'Label') and (let _containmentMF_:ecore::EStructuralFeature = modelFacet.containmentMetaFeature.ecoreFeature in (let _eClass_:ecore::EClass = _containmentMF_.eContainingClass in _eClass_.ePackage.nsURI = 'ui_diagram' and _eClass_.name = 'GraphicalContainer') and _containmentMF_.name = 'lstChildModelElements')">
    <nodeLabelTraces
        visualID="5025"
        queryText="true"/>
  </childNodeTraces>
  <childNodeTraces
      visualID="3005"
      queryText="(let _eClass_:ecore::EClass = modelFacet.metaClass.ecoreClass in _eClass_.ePackage.nsURI = 'ui_diagram' and _eClass_.name = 'CheckBox') and (let _containmentMF_:ecore::EStructuralFeature = modelFacet.containmentMetaFeature.ecoreFeature in (let _eClass_:ecore::EClass = _containmentMF_.eContainingClass in _eClass_.ePackage.nsURI = 'ui_diagram' and _eClass_.name = 'GraphicalContainer') and _containmentMF_.name = 'lstChildModelElements')">
    <nodeLabelTraces
        visualID="5026"
        queryText="true"/>
  </childNodeTraces>
  <childNodeTraces
      visualID="3006"
      queryText="(let _eClass_:ecore::EClass = modelFacet.metaClass.ecoreClass in _eClass_.ePackage.nsURI = 'ui_diagram' and _eClass_.name = 'TextInput') and (let _containmentMF_:ecore::EStructuralFeature = modelFacet.containmentMetaFeature.ecoreFeature in (let _eClass_:ecore::EClass = _containmentMF_.eContainingClass in _eClass_.ePackage.nsURI = 'ui_diagram' and _eClass_.name = 'GraphicalContainer') and _containmentMF_.name = 'lstChildModelElements')">
    <nodeLabelTraces
        visualID="5027"
        queryText="true"/>
  </childNodeTraces>
  <childNodeTraces
      visualID="3007"
      queryText="(let _eClass_:ecore::EClass = modelFacet.metaClass.ecoreClass in _eClass_.ePackage.nsURI = 'ui_diagram' and _eClass_.name = 'DropDown') and (let _containmentMF_:ecore::EStructuralFeature = modelFacet.containmentMetaFeature.ecoreFeature in (let _eClass_:ecore::EClass = _containmentMF_.eContainingClass in _eClass_.ePackage.nsURI = 'ui_diagram' and _eClass_.name = 'GraphicalContainer') and _containmentMF_.name = 'lstChildModelElements')">
    <nodeLabelTraces
        visualID="5028"
        queryText="true"/>
  </childNodeTraces>
  <childNodeTraces
      visualID="3008"
      queryText="(let _eClass_:ecore::EClass = modelFacet.metaClass.ecoreClass in _eClass_.ePackage.nsURI = 'ui_diagram' and _eClass_.name = 'Menu') and (let _containmentMF_:ecore::EStructuralFeature = modelFacet.containmentMetaFeature.ecoreFeature in (let _eClass_:ecore::EClass = _containmentMF_.eContainingClass in _eClass_.ePackage.nsURI = 'ui_diagram' and _eClass_.name = 'GraphicalContainer') and _containmentMF_.name = 'lstChildModelElements')">
    <nodeLabelTraces
        visualID="5029"
        queryText="true"/>
  </childNodeTraces>
  <childNodeTraces
      visualID="3009"
      queryText="(let _eClass_:ecore::EClass = modelFacet.metaClass.ecoreClass in _eClass_.ePackage.nsURI = 'ui_diagram' and _eClass_.name = 'Img') and (let _containmentMF_:ecore::EStructuralFeature = modelFacet.containmentMetaFeature.ecoreFeature in (let _eClass_:ecore::EClass = _containmentMF_.eContainingClass in _eClass_.ePackage.nsURI = 'ui_diagram' and _eClass_.name = 'GraphicalContainer') and _containmentMF_.name = 'lstChildModelElements')">
    <nodeLabelTraces
        visualID="5030"
        queryText="true"/>
  </childNodeTraces>
  <childNodeTraces
      visualID="3010"
      queryText="(let _eClass_:ecore::EClass = modelFacet.metaClass.ecoreClass in _eClass_.ePackage.nsURI = 'ui_diagram' and _eClass_.name = 'Icon') and (let _containmentMF_:ecore::EStructuralFeature = modelFacet.containmentMetaFeature.ecoreFeature in (let _eClass_:ecore::EClass = _containmentMF_.eContainingClass in _eClass_.ePackage.nsURI = 'ui_diagram' and _eClass_.name = 'GraphicalContainer') and _containmentMF_.name = 'lstChildModelElements')">
    <nodeLabelTraces
        visualID="5031"
        queryText="true"/>
  </childNodeTraces>
  <childNodeTraces
      visualID="3011"
      queryText="(let _eClass_:ecore::EClass = modelFacet.metaClass.ecoreClass in _eClass_.ePackage.nsURI = 'ui_diagram' and _eClass_.name = 'Table') and (let _containmentMF_:ecore::EStructuralFeature = modelFacet.containmentMetaFeature.ecoreFeature in (let _eClass_:ecore::EClass = _containmentMF_.eContainingClass in _eClass_.ePackage.nsURI = 'ui_diagram' and _eClass_.name = 'GraphicalContainer') and _containmentMF_.name = 'lstChildModelElements')">
    <nodeLabelTraces
        visualID="5032"
        queryText="true"/>
  </childNodeTraces>
  <childNodeTraces
      visualID="3012"
      queryText="(let _eClass_:ecore::EClass = modelFacet.metaClass.ecoreClass in _eClass_.ePackage.nsURI = 'ui_diagram' and _eClass_.name = 'ComboBox') and (let _containmentMF_:ecore::EStructuralFeature = modelFacet.containmentMetaFeature.ecoreFeature in (let _eClass_:ecore::EClass = _containmentMF_.eContainingClass in _eClass_.ePackage.nsURI = 'ui_diagram' and _eClass_.name = 'GraphicalContainer') and _containmentMF_.name = 'lstChildModelElements')">
    <nodeLabelTraces
        visualID="5033"
        queryText="true"/>
  </childNodeTraces>
  <childNodeTraces
      visualID="3013"
      queryText="(let _eClass_:ecore::EClass = modelFacet.metaClass.ecoreClass in _eClass_.ePackage.nsURI = 'ui_diagram' and _eClass_.name = 'Button') and (let _containmentMF_:ecore::EStructuralFeature = modelFacet.containmentMetaFeature.ecoreFeature in (let _eClass_:ecore::EClass = _containmentMF_.eContainingClass in _eClass_.ePackage.nsURI = 'ui_diagram' and _eClass_.name = 'UserInterface') and _containmentMF_.name = 'lstModelElements')">
    <nodeLabelTraces
        visualID="5035"
        queryText="true"/>
  </childNodeTraces>
  <childNodeTraces
      visualID="3014"
      queryText="(let _eClass_:ecore::EClass = modelFacet.metaClass.ecoreClass in _eClass_.ePackage.nsURI = 'ui_diagram' and _eClass_.name = 'Label') and (let _containmentMF_:ecore::EStructuralFeature = modelFacet.containmentMetaFeature.ecoreFeature in (let _eClass_:ecore::EClass = _containmentMF_.eContainingClass in _eClass_.ePackage.nsURI = 'ui_diagram' and _eClass_.name = 'UserInterface') and _containmentMF_.name = 'lstModelElements')">
    <nodeLabelTraces
        visualID="5036"
        queryText="true"/>
  </childNodeTraces>
  <childNodeTraces
      visualID="3015"
      queryText="(let _eClass_:ecore::EClass = modelFacet.metaClass.ecoreClass in _eClass_.ePackage.nsURI = 'ui_diagram' and _eClass_.name = 'CheckBox') and (let _containmentMF_:ecore::EStructuralFeature = modelFacet.containmentMetaFeature.ecoreFeature in (let _eClass_:ecore::EClass = _containmentMF_.eContainingClass in _eClass_.ePackage.nsURI = 'ui_diagram' and _eClass_.name = 'UserInterface') and _containmentMF_.name = 'lstModelElements')">
    <nodeLabelTraces
        visualID="5037"
        queryText="true"/>
  </childNodeTraces>
  <childNodeTraces
      visualID="3016"
      queryText="(let _eClass_:ecore::EClass = modelFacet.metaClass.ecoreClass in _eClass_.ePackage.nsURI = 'ui_diagram' and _eClass_.name = 'TextInput') and (let _containmentMF_:ecore::EStructuralFeature = modelFacet.containmentMetaFeature.ecoreFeature in (let _eClass_:ecore::EClass = _containmentMF_.eContainingClass in _eClass_.ePackage.nsURI = 'ui_diagram' and _eClass_.name = 'UserInterface') and _containmentMF_.name = 'lstModelElements')">
    <nodeLabelTraces
        visualID="5038"
        queryText="true"/>
  </childNodeTraces>
  <childNodeTraces
      visualID="3017"
      queryText="(let _eClass_:ecore::EClass = modelFacet.metaClass.ecoreClass in _eClass_.ePackage.nsURI = 'ui_diagram' and _eClass_.name = 'DropDown') and (let _containmentMF_:ecore::EStructuralFeature = modelFacet.containmentMetaFeature.ecoreFeature in (let _eClass_:ecore::EClass = _containmentMF_.eContainingClass in _eClass_.ePackage.nsURI = 'ui_diagram' and _eClass_.name = 'UserInterface') and _containmentMF_.name = 'lstModelElements')">
    <nodeLabelTraces
        visualID="5039"
        queryText="true"/>
  </childNodeTraces>
  <childNodeTraces
      visualID="3018"
      queryText="(let _eClass_:ecore::EClass = modelFacet.metaClass.ecoreClass in _eClass_.ePackage.nsURI = 'ui_diagram' and _eClass_.name = 'Menu') and (let _containmentMF_:ecore::EStructuralFeature = modelFacet.containmentMetaFeature.ecoreFeature in (let _eClass_:ecore::EClass = _containmentMF_.eContainingClass in _eClass_.ePackage.nsURI = 'ui_diagram' and _eClass_.name = 'UserInterface') and _containmentMF_.name = 'lstModelElements')">
    <nodeLabelTraces
        visualID="5040"
        queryText="true"/>
  </childNodeTraces>
  <childNodeTraces
      visualID="3019"
      queryText="(let _eClass_:ecore::EClass = modelFacet.metaClass.ecoreClass in _eClass_.ePackage.nsURI = 'ui_diagram' and _eClass_.name = 'Img') and (let _containmentMF_:ecore::EStructuralFeature = modelFacet.containmentMetaFeature.ecoreFeature in (let _eClass_:ecore::EClass = _containmentMF_.eContainingClass in _eClass_.ePackage.nsURI = 'ui_diagram' and _eClass_.name = 'UserInterface') and _containmentMF_.name = 'lstModelElements')">
    <nodeLabelTraces
        visualID="5041"
        queryText="true"/>
  </childNodeTraces>
  <childNodeTraces
      visualID="3020"
      queryText="(let _eClass_:ecore::EClass = modelFacet.metaClass.ecoreClass in _eClass_.ePackage.nsURI = 'ui_diagram' and _eClass_.name = 'Icon') and (let _containmentMF_:ecore::EStructuralFeature = modelFacet.containmentMetaFeature.ecoreFeature in (let _eClass_:ecore::EClass = _containmentMF_.eContainingClass in _eClass_.ePackage.nsURI = 'ui_diagram' and _eClass_.name = 'UserInterface') and _containmentMF_.name = 'lstModelElements')">
    <nodeLabelTraces
        visualID="5042"
        queryText="true"/>
  </childNodeTraces>
  <childNodeTraces
      visualID="3021"
      queryText="(let _eClass_:ecore::EClass = modelFacet.metaClass.ecoreClass in _eClass_.ePackage.nsURI = 'ui_diagram' and _eClass_.name = 'Table') and (let _containmentMF_:ecore::EStructuralFeature = modelFacet.containmentMetaFeature.ecoreFeature in (let _eClass_:ecore::EClass = _containmentMF_.eContainingClass in _eClass_.ePackage.nsURI = 'ui_diagram' and _eClass_.name = 'UserInterface') and _containmentMF_.name = 'lstModelElements')">
    <nodeLabelTraces
        visualID="5043"
        queryText="true"/>
  </childNodeTraces>
  <childNodeTraces
      visualID="3022"
      queryText="(let _eClass_:ecore::EClass = modelFacet.metaClass.ecoreClass in _eClass_.ePackage.nsURI = 'ui_diagram' and _eClass_.name = 'ComboBox') and (let _containmentMF_:ecore::EStructuralFeature = modelFacet.containmentMetaFeature.ecoreFeature in (let _eClass_:ecore::EClass = _containmentMF_.eContainingClass in _eClass_.ePackage.nsURI = 'ui_diagram' and _eClass_.name = 'UserInterface') and _containmentMF_.name = 'lstModelElements')">
    <nodeLabelTraces
        visualID="5044"
        queryText="true"/>
  </childNodeTraces>
  <childNodeTraces
      visualID="3023"
      queryText="(let _eClass_:ecore::EClass = modelFacet.metaClass.ecoreClass in _eClass_.ePackage.nsURI = 'ui_diagram' and _eClass_.name = 'RadioButton') and (let _containmentMF_:ecore::EStructuralFeature = modelFacet.containmentMetaFeature.ecoreFeature in (let _eClass_:ecore::EClass = _containmentMF_.eContainingClass in _eClass_.ePackage.nsURI = 'ui_diagram' and _eClass_.name = 'GraphicalContainer') and _containmentMF_.name = 'lstChildModelElements')">
    <nodeLabelTraces
        visualID="5034"
        queryText="true"/>
  </childNodeTraces>
  <childNodeTraces
      visualID="3024"
      queryText="(let _eClass_:ecore::EClass = modelFacet.metaClass.ecoreClass in _eClass_.ePackage.nsURI = 'ui_diagram' and _eClass_.name = 'RadioButton') and (let _containmentMF_:ecore::EStructuralFeature = modelFacet.containmentMetaFeature.ecoreFeature in (let _eClass_:ecore::EClass = _containmentMF_.eContainingClass in _eClass_.ePackage.nsURI = 'ui_diagram' and _eClass_.name = 'UserInterface') and _containmentMF_.name = 'lstModelElements')">
    <nodeLabelTraces
        visualID="5045"
        queryText="true"/>
  </childNodeTraces>
</trace:TraceModel>
